<?xml version="1.0" encoding="UTF-8"?>
<testng-results ignored="0" total="4" passed="3" failed="1" skipped="0">
  <reporter-output>
  </reporter-output>
  <suite started-at="2022-06-27T09:26:48 IST" name="Suite" finished-at="2022-06-27T09:30:20 IST" duration-ms="212459">
    <groups>
    </groups>
    <test started-at="2022-06-27T09:26:48 IST" name="Test" finished-at="2022-06-27T09:29:46 IST" duration-ms="178298">
      <class name="Academy.ApplicatioTestwithDataProvide">
        <test-method signature="logintest(java.lang.String,java.lang.String)[pri:0, instance:Academy.ApplicatioTestwithDataProvide@6b0d80ed]" started-at="2022-06-27T09:26:48 IST" name="logintest" data-provider="getdata" finished-at="2022-06-27T09:27:40 IST" duration-ms="52583" status="PASS">
          <params>
            <param index="0">
              <value>
                <![CDATA[test1111@gmail.com]]>
              </value>
            </param>
            <param index="1">
              <value>
                <![CDATA[test123]]>
              </value>
            </param>
          </params>
          <reporter-output>
          </reporter-output>
        </test-method> <!-- logintest -->
        <test-method signature="logintest(java.lang.String,java.lang.String)[pri:0, instance:Academy.ApplicatioTestwithDataProvide@6b0d80ed]" started-at="2022-06-27T09:27:40 IST" name="logintest" data-provider="getdata" finished-at="2022-06-27T09:28:18 IST" duration-ms="37750" status="PASS">
          <params>
            <param index="0">
              <value>
                <![CDATA[test2222@gmail.com]]>
              </value>
            </param>
            <param index="1">
              <value>
                <![CDATA[test456]]>
              </value>
            </param>
          </params>
          <reporter-output>
          </reporter-output>
        </test-method> <!-- logintest -->
        <test-method signature="logintest(java.lang.String,java.lang.String)[pri:0, instance:Academy.ApplicatioTestwithDataProvide@6b0d80ed]" started-at="2022-06-27T09:28:18 IST" name="logintest" data-provider="getdata" finished-at="2022-06-27T09:29:42 IST" duration-ms="83818" status="PASS">
          <params>
            <param index="0">
              <value>
                <![CDATA[test3333@gmail.com]]>
              </value>
            </param>
            <param index="1">
              <value>
                <![CDATA[test789]]>
              </value>
            </param>
          </params>
          <reporter-output>
          </reporter-output>
        </test-method> <!-- logintest -->
        <test-method is-config="true" signature="closetab()[pri:0, instance:Academy.ApplicatioTestwithDataProvide@6b0d80ed]" started-at="2022-06-27T09:29:42 IST" name="closetab" finished-at="2022-06-27T09:29:46 IST" duration-ms="4011" status="PASS">
          <reporter-output>
          </reporter-output>
        </test-method> <!-- closetab -->
      </class> <!-- Academy.ApplicatioTestwithDataProvide -->
    </test> <!-- Test -->
    <test started-at="2022-06-27T09:29:50 IST" name="Test1" finished-at="2022-06-27T09:30:20 IST" duration-ms="29824">
      <class name="Academy.validationTitle">
        <test-method signature="titlevalidation()[pri:0, instance:Academy.validationTitle@4ea5b703]" started-at="2022-06-27T09:29:50 IST" name="titlevalidation" finished-at="2022-06-27T09:30:16 IST" duration-ms="25774" status="FAIL">
          <exception class="java.lang.AssertionError">
            <message>
              <![CDATA[expected [FEATURED COURSES123] but found [FEATURED COURSES]]]>
            </message>
            <full-stacktrace>
              <![CDATA[java.lang.AssertionError: expected [FEATURED COURSES123] but found [FEATURED COURSES]
at org.testng.Assert.fail(Assert.java:99)
at org.testng.Assert.failNotEquals(Assert.java:1037)
at org.testng.Assert.assertEqualsImpl(Assert.java:140)
at org.testng.Assert.assertEquals(Assert.java:122)
at org.testng.Assert.assertEquals(Assert.java:629)
at org.testng.Assert.assertEquals(Assert.java:639)
at Academy.validationTitle.titlevalidation(validationTitle.java:37)
at java.base/jdk.internal.reflect.NativeMethodAccessorImpl.invoke0(Native Method)
at java.base/jdk.internal.reflect.NativeMethodAccessorImpl.invoke(NativeMethodAccessorImpl.java:77)
at java.base/jdk.internal.reflect.DelegatingMethodAccessorImpl.invoke(DelegatingMethodAccessorImpl.java:43)
at java.base/java.lang.reflect.Method.invoke(Method.java:568)
at org.testng.internal.MethodInvocationHelper.invokeMethod(MethodInvocationHelper.java:133)
at org.testng.internal.TestInvoker.invokeMethod(TestInvoker.java:598)
at org.testng.internal.TestInvoker.invokeTestMethod(TestInvoker.java:173)
at org.testng.internal.MethodRunner.runInSequence(MethodRunner.java:46)
at org.testng.internal.TestInvoker$MethodInvocationAgent.invoke(TestInvoker.java:824)
at org.testng.internal.TestInvoker.invokeTestMethods(TestInvoker.java:146)
at org.testng.internal.TestMethodWorker.invokeTestMethods(TestMethodWorker.java:146)
at org.testng.internal.TestMethodWorker.run(TestMethodWorker.java:128)
at java.base/java.util.ArrayList.forEach(ArrayList.java:1511)
at org.testng.TestRunner.privateRun(TestRunner.java:794)
at org.testng.TestRunner.run(TestRunner.java:596)
at org.testng.SuiteRunner.runTest(SuiteRunner.java:377)
at org.testng.SuiteRunner.runSequentially(SuiteRunner.java:371)
at org.testng.SuiteRunner.privateRun(SuiteRunner.java:332)
at org.testng.SuiteRunner.run(SuiteRunner.java:276)
at org.testng.SuiteRunnerWorker.runSuite(SuiteRunnerWorker.java:53)
at org.testng.SuiteRunnerWorker.run(SuiteRunnerWorker.java:96)
at org.testng.TestNG.runSuitesSequentially(TestNG.java:1212)
at org.testng.TestNG.runSuitesLocally(TestNG.java:1134)
at org.testng.TestNG.runSuites(TestNG.java:1063)
at org.testng.TestNG.run(TestNG.java:1031)
at org.testng.remote.AbstractRemoteTestNG.run(AbstractRemoteTestNG.java:115)
at org.testng.remote.RemoteTestNG.initAndRun(RemoteTestNG.java:251)
at org.testng.remote.RemoteTestNG.main(RemoteTestNG.java:77)
]]>
            </full-stacktrace>
          </exception> <!-- java.lang.AssertionError -->
          <reporter-output>
          </reporter-output>
        </test-method> <!-- titlevalidation -->
        <test-method is-config="true" signature="closetab()[pri:0, instance:Academy.validationTitle@4ea5b703]" started-at="2022-06-27T09:30:18 IST" name="closetab" finished-at="2022-06-27T09:30:20 IST" duration-ms="2303" status="PASS">
          <reporter-output>
          </reporter-output>
        </test-method> <!-- closetab -->
      </class> <!-- Academy.validationTitle -->
    </test> <!-- Test1 -->
  </suite> <!-- Suite -->
</testng-results>
