<?xml version="1.0" encoding="UTF-8"?>
<!-- Generated by org.testng.reporters.JUnitXMLReporter -->
<testsuite ignored="2" hostname="DESKTOP-9OOOF17" failures="1" tests="5" name="Test" time="74.391" errors="0" timestamp="2022-11-08T12:51:17 IST">
  <testcase classname="Dependancies.IframeHandle" name="initializer" time="67.284"/>
  <testcase classname="Dependancies.IframeHandle" name="validateCheckbox" time="3.003"/>
  <testcase classname="Dependancies.IframeHandle" name="validateDropDown" time="0.432"/>
  <testcase classname="Dependancies.IframeHandle" name="validateIframe" time="1.799">
    <failure type="org.openqa.selenium.JavascriptException" message="javascript error: Invalid or unexpected token
  (Session info: chrome=107.0.5304.88)
Build info: version: &amp;apos;4.2.2&amp;apos;, revision: &amp;apos;683ccb65d6&amp;apos;
System info: host: &amp;apos;DESKTOP-9OOOF17&amp;apos;, ip: &amp;apos;192.168.65.42&amp;apos;, os.name: &amp;apos;Windows 10&amp;apos;, os.arch: &amp;apos;amd64&amp;apos;, os.version: &amp;apos;10.0&amp;apos;, java.version: &amp;apos;17.0.2&amp;apos;
Driver info: org.openqa.selenium.chrome.ChromeDriver
Command: [1207d34a8e2e472a4a001657c7373006, executeScript {script=arguments[0].style.border=&amp;apos;3px solid red, args=[{ELEMENT=163cce06-e140-4ade-a325-f0f16e3b1d17, element-6066-11e4-a52e-4f735466cecf=163cce06-e140-4ade-a325-f0f16e3b1d17}]}]
Capabilities {acceptInsecureCerts: false, browserName: chrome, browserVersion: 107.0.5304.88, chrome: {chromedriverVersion: 107.0.5304.62 (1eec40d3a576..., userDataDir: C:\Users\Lenovo\AppData\Loc...}, goog:chromeOptions: {debuggerAddress: localhost:51919}, networkConnectionEnabled: false, pageLoadStrategy: normal, platformName: WINDOWS, proxy: Proxy(), se:cdp: ws://localhost:51919/devtoo..., se:cdpVersion: 107.0.5304.88, setWindowRect: true, strictFileInteractability: false, timeouts: {implicit: 0, pageLoad: 300000, script: 30000}, unhandledPromptBehavior: dismiss and notify, webauthn:extension:credBlob: true, webauthn:extension:largeBlob: true, webauthn:virtualAuthenticators: true}
Session ID: 1207d34a8e2e472a4a001657c7373006">
      <![CDATA[org.openqa.selenium.JavascriptException: javascript error: Invalid or unexpected token
  (Session info: chrome=107.0.5304.88)
Build info: version: '4.2.2', revision: '683ccb65d6'
System info: host: 'DESKTOP-9OOOF17', ip: '192.168.65.42', os.name: 'Windows 10', os.arch: 'amd64', os.version: '10.0', java.version: '17.0.2'
Driver info: org.openqa.selenium.chrome.ChromeDriver
Command: [1207d34a8e2e472a4a001657c7373006, executeScript {script=arguments[0].style.border='3px solid red, args=[{ELEMENT=163cce06-e140-4ade-a325-f0f16e3b1d17, element-6066-11e4-a52e-4f735466cecf=163cce06-e140-4ade-a325-f0f16e3b1d17}]}]
Capabilities {acceptInsecureCerts: false, browserName: chrome, browserVersion: 107.0.5304.88, chrome: {chromedriverVersion: 107.0.5304.62 (1eec40d3a576..., userDataDir: C:\Users\Lenovo\AppData\Loc...}, goog:chromeOptions: {debuggerAddress: localhost:51919}, networkConnectionEnabled: false, pageLoadStrategy: normal, platformName: WINDOWS, proxy: Proxy(), se:cdp: ws://localhost:51919/devtoo..., se:cdpVersion: 107.0.5304.88, setWindowRect: true, strictFileInteractability: false, timeouts: {implicit: 0, pageLoad: 300000, script: 30000}, unhandledPromptBehavior: dismiss and notify, webauthn:extension:credBlob: true, webauthn:extension:largeBlob: true, webauthn:virtualAuthenticators: true}
Session ID: 1207d34a8e2e472a4a001657c7373006
at org.openqa.selenium.remote.codec.w3c.W3CHttpResponseCodec.createException(W3CHttpResponseCodec.java:200)
at org.openqa.selenium.remote.codec.w3c.W3CHttpResponseCodec.decode(W3CHttpResponseCodec.java:133)
at org.openqa.selenium.remote.codec.w3c.W3CHttpResponseCodec.decode(W3CHttpResponseCodec.java:53)
at org.openqa.selenium.remote.HttpCommandExecutor.execute(HttpCommandExecutor.java:184)
at org.openqa.selenium.remote.service.DriverCommandExecutor.invokeExecute(DriverCommandExecutor.java:167)
at org.openqa.selenium.remote.service.DriverCommandExecutor.execute(DriverCommandExecutor.java:142)
at org.openqa.selenium.remote.RemoteWebDriver.execute(RemoteWebDriver.java:588)
at org.openqa.selenium.remote.RemoteWebDriver.executeScript(RemoteWebDriver.java:522)
at Dependancies.IframeHandle.validateIframe(IframeHandle.java:93)
at java.base/java.util.ArrayList.forEach(ArrayList.java:1511)
... Removed 32 stack frames]]>
    </failure>
  </testcase> <!-- validateIframe -->
  <testcase classname="Dependancies.IframeHandle" name="validateRadioButton" time="0.03"/>
  <testcase classname="Dependancies.IframeHandle" name="validateSwitchWindow" time="0.0">
    <ignored/>
  </testcase> <!-- validateSwitchWindow -->
  <testcase classname="Dependancies.IframeHandle" name="validateSuggessionClass" time="0.0">
    <ignored/>
  </testcase> <!-- validateSuggessionClass -->
</testsuite> <!-- Test -->
